2025-07-21 00:34:02,277 | INFO | main | ✅ Запуск Telegram-бота...
2025-07-21 00:34:02,277 | INFO | aiogram.dispatcher | Start polling
2025-07-21 00:34:02,282 | INFO | aukro | Открываем Aukro: https://aukro.cz/vysledky-vyhledavani?text=Toyen&searchAll=true&categoryId=8466&searchRedirectDisabled=true&subbrand=BAZAAR
2025-07-21 00:34:02,282 | INFO | vinted | Открываем Vinted: https://www.vinted.cz/catalog?search_text=Toyen&catalog[]=2312&page=1&time=1753047242
2025-07-21 00:34:02,546 | INFO | aiogram.dispatcher | Run polling for bot @parsertestczsites_Bot id=8097790916 - 'ParserCZ'
2025-07-21 00:34:03,446 | INFO | bazos | Открываем Bazos: https://knihy.bazos.cz/inzeraty/Toyen/
2025-07-21 00:34:09,884 | INFO | bazos | 🔍 По ключу 'Toyen' найдено 6 ссылок
2025-07-21 00:34:09,898 | INFO | main | [bazos][Toyen] ✅ Отправлено 0 новых ссылок
2025-07-21 00:34:09,898 | INFO | main | [bazos][Toyen] ⏳ Следующий запрос через 84 сек.
2025-07-21 00:34:21,911 | INFO | main | [sbazar][Toyen] ✅ Отправлено 0 новых ссылок
2025-07-21 00:34:21,911 | INFO | main | [sbazar][Toyen] ⏳ Следующий запрос через 107 сек.
2025-07-21 00:34:22,648 | INFO | vinted | 🔍 [Vinted] По ключу 'Toyen' найдено 30 ссылок
2025-07-21 00:34:22,648 | INFO | main | [vinted][Toyen] ✅ Отправлено 0 новых ссылок
2025-07-21 00:34:22,648 | INFO | main | [vinted][Toyen] ⏳ Следующий запрос через 94 сек.
2025-07-21 00:34:29,840 | WARNING | aiogram.dispatcher | Received SIGINT signal
2025-07-21 00:34:29,847 | INFO | aiogram.dispatcher | Polling stopped for bot @parsertestczsites_Bot id=8097790916 - 'ParserCZ'
2025-07-21 00:34:29,849 | INFO | aiogram.dispatcher | Polling stopped
2025-07-21 00:34:29,873 | ERROR | aukro | ❌ Ошибка при обработке Aukro: Page.evaluate: Target page, context or browser has been closed
2025-07-21 00:34:29,911 | INFO | main | [aukro][Toyen] ✅ Отправлено 0 новых ссылок
2025-07-21 00:34:29,912 | INFO | main | [aukro][Toyen] ⏳ Следующий запрос через 95 сек.
2025-07-21 00:34:30,106 | INFO | main | Парсеры были остановленны
2025-07-21 00:35:28,040 | INFO | main | ✅ Запуск Telegram-бота...
2025-07-21 00:35:28,040 | INFO | aiogram.dispatcher | Start polling
2025-07-21 00:35:28,044 | INFO | aukro | Открываем Aukro: https://aukro.cz/vysledky-vyhledavani?text=Harry Potter&searchAll=true&categoryId=8466&searchRedirectDisabled=true&subbrand=BAZAAR
2025-07-21 00:35:28,045 | INFO | vinted | Открываем Vinted: https://www.vinted.cz/catalog?search_text=Harry%20Potter&catalog[]=2312&page=1&time=1753047328
2025-07-21 00:35:28,652 | INFO | aiogram.dispatcher | Run polling for bot @parsertestczsites_Bot id=8097790916 - 'ParserCZ'
2025-07-21 00:35:29,086 | INFO | bazos | Открываем Bazos: https://knihy.bazos.cz/inzeraty/Harry%20Potter/
2025-07-21 00:35:43,348 | WARNING | aiogram.dispatcher | Received SIGINT signal
2025-07-21 00:35:43,357 | INFO | aiogram.dispatcher | Polling stopped for bot @parsertestczsites_Bot id=8097790916 - 'ParserCZ'
2025-07-21 00:35:43,358 | INFO | aiogram.dispatcher | Polling stopped
2025-07-21 00:35:43,387 | ERROR | vinted | ❌ Ошибка при обработке Vinted: Page.goto: Target page, context or browser has been closed
Call log:
  - navigating to "https://www.vinted.cz/catalog?search_text=Harry%20Potter&catalog[]=2312&page=1&time=1753047328", waiting until "load"

2025-07-21 00:35:43,403 | ERROR | aukro | ❌ Ошибка при обработке Aukro: Page.goto: Target page, context or browser has been closed
Call log:
  - navigating to "https://aukro.cz/vysledky-vyhledavani?text=Harry%20Potter&searchAll=true&categoryId=8466&searchRedirectDisabled=true&subbrand=BAZAAR", waiting until "domcontentloaded"

2025-07-21 00:35:43,423 | INFO | vinted | 🔍 [Vinted] По ключу 'Harry Potter' найдено 0 ссылок
2025-07-21 00:35:43,423 | INFO | main | [vinted][Harry Potter] ✅ Отправлено 0 новых ссылок
2025-07-21 00:35:43,423 | INFO | main | [vinted][Harry Potter] ⏳ Следующий запрос через 85 сек.
2025-07-21 00:35:43,424 | INFO | main | [aukro][Harry Potter] ✅ Отправлено 0 новых ссылок
2025-07-21 00:35:43,424 | INFO | main | [aukro][Harry Potter] ⏳ Следующий запрос через 78 сек.
2025-07-21 00:35:43,424 | ERROR | main | [bazos][Harry Potter] ❌ Ошибка: Page.goto: Target page, context or browser has been closed
Call log:
  - navigating to "https://knihy.bazos.cz/inzeraty/Harry%20Potter/", waiting until "load"

2025-07-21 00:35:43,424 | INFO | main | [bazos][Harry Potter] ⏳ Следующий запрос через 60 сек.
2025-07-21 00:35:43,532 | INFO | main | [sbazar][Harry Potter] ✅ Отправлено 0 новых ссылок
2025-07-21 00:35:43,532 | INFO | main | [sbazar][Harry Potter] ⏳ Следующий запрос через 52 сек.
2025-07-21 00:35:43,611 | INFO | main | Парсеры были остановленны
2025-07-21 00:44:26,531 | INFO | sbazar | 🔍 Открываем Sbazar: https://www.sbazar.cz/hledej/Harry%20Potter/31-knihy-literatura
2025-07-21 00:44:29,834 | INFO | sbazar | ✅ [Sbazar] Cookie popup закрыт
2025-07-21 00:44:31,727 | ERROR | sbazar | ⚠️ Ошибка в процессе скроллинга: Page.evaluate: Execution context was destroyed, most likely because of a navigation
2025-07-21 00:44:32,892 | INFO | sbazar | ✅ [Sbazar] По ключу 'Harry Potter' найдено 58 ссылок
2025-07-21 00:50:04,696 | INFO | sbazar | 🔍 Открываем Sbazar: https://www.sbazar.cz/hledej/Harry%20Potter/31-knihy-literatura
2025-07-21 00:50:04,697 | INFO | aukro | Открываем Aukro: https://aukro.cz/vysledky-vyhledavani?text=Harry%20Potter&searchAll=true&categoryId=8466&searchRedirectDisabled=true&subbrand=BAZAAR
2025-07-21 00:50:04,698 | INFO | vinted | Открываем Vinted: https://www.vinted.cz/catalog?search_text=Harry%20Potter&catalog[]=2312&page=1&time=1753048204
2025-07-21 00:50:04,698 | INFO | bazos | Открываем Bazos: https://knihy.bazos.cz/inzeraty/Harry%20Potter/
2025-07-21 00:50:04,789 | ERROR | asyncio | Future exception was never retrieved
future: <Future finished exception=TargetClosedError('Target page, context or browser has been closed')>
playwright._impl._errors.TargetClosedError: Target page, context or browser has been closed
2025-07-21 00:50:22,896 | INFO | sbazar | 🔍 Открываем Sbazar: https://www.sbazar.cz/hledej/Harry%20Potter/31-knihy-literatura
2025-07-21 00:50:22,900 | INFO | aukro | Открываем Aukro: https://aukro.cz/vysledky-vyhledavani?text=Harry%20Potter&searchAll=true&categoryId=8466&searchRedirectDisabled=true&subbrand=BAZAAR
2025-07-21 00:50:22,900 | INFO | vinted | Открываем Vinted: https://www.vinted.cz/catalog?search_text=Harry%20Potter&catalog[]=2312&page=1&time=1753048222
2025-07-21 00:50:22,900 | INFO | bazos | Открываем Bazos: https://knihy.bazos.cz/inzeraty/Harry%20Potter/
2025-07-21 00:50:22,984 | ERROR | asyncio | Future exception was never retrieved
future: <Future finished exception=TargetClosedError('Target page, context or browser has been closed')>
playwright._impl._errors.TargetClosedError: Target page, context or browser has been closed
2025-07-21 00:52:26,882 | INFO | sbazar | 🔍 Открываем Sbazar: https://www.sbazar.cz/hledej/Harry%20Potter/31-knihy-literatura
2025-07-21 00:52:26,886 | INFO | aukro | Открываем Aukro: https://aukro.cz/vysledky-vyhledavani?text=Harry%20Potter&searchAll=true&categoryId=8466&searchRedirectDisabled=true&subbrand=BAZAAR
2025-07-21 00:52:26,887 | INFO | vinted | Открываем Vinted: https://www.vinted.cz/catalog?search_text=Harry%20Potter&catalog[]=2312&page=1&time=1753048346
2025-07-21 00:52:26,891 | INFO | bazos | Открываем Bazos: https://knihy.bazos.cz/inzeraty/Harry%20Potter/
2025-07-21 00:52:26,973 | ERROR | asyncio | Future exception was never retrieved
future: <Future finished exception=TargetClosedError('Target page, context or browser has been closed')>
playwright._impl._errors.TargetClosedError: Target page, context or browser has been closed
2025-07-21 00:53:59,481 | INFO | bazos | Открываем Bazos: https://knihy.bazos.cz/inzeraty/Harry%20Potter/
2025-07-21 00:53:59,484 | INFO | sbazar | 🔍 Открываем Sbazar: https://www.sbazar.cz/hledej/Harry%20Potter/31-knihy-literatura
2025-07-21 00:53:59,484 | INFO | aukro | Открываем Aukro: https://aukro.cz/vysledky-vyhledavani?text=Harry%20Potter&searchAll=true&categoryId=8466&searchRedirectDisabled=true&subbrand=BAZAAR
2025-07-21 00:53:59,484 | INFO | vinted | Открываем Vinted: https://www.vinted.cz/catalog?search_text=Harry%20Potter&catalog[]=2312&page=1&time=1753048439
2025-07-21 00:53:59,570 | ERROR | asyncio | Future exception was never retrieved
future: <Future finished exception=TargetClosedError('Target page, context or browser has been closed')>
playwright._impl._errors.TargetClosedError: Target page, context or browser has been closed
2025-07-21 00:54:59,444 | INFO | bazos | Открываем Bazos: https://knihy.bazos.cz/inzeraty/Harry%20Potter/
2025-07-21 00:54:59,447 | INFO | sbazar | 🔍 Открываем Sbazar: https://www.sbazar.cz/hledej/Harry%20Potter/31-knihy-literatura
2025-07-21 00:54:59,447 | INFO | aukro | Открываем Aukro: https://aukro.cz/vysledky-vyhledavani?text=Harry%20Potter&searchAll=true&categoryId=8466&searchRedirectDisabled=true&subbrand=BAZAAR
2025-07-21 00:54:59,447 | INFO | vinted | Открываем Vinted: https://www.vinted.cz/catalog?search_text=Harry%20Potter&catalog[]=2312&page=1&time=1753048499
2025-07-21 00:54:59,531 | ERROR | asyncio | Future exception was never retrieved
future: <Future finished exception=TargetClosedError('Target page, context or browser has been closed')>
playwright._impl._errors.TargetClosedError: Target page, context or browser has been closed
2025-07-21 00:56:24,280 | INFO | bazos | Открываем Bazos: https://knihy.bazos.cz/inzeraty/Harry%20Potter/
2025-07-21 00:56:24,283 | INFO | aukro | Открываем Aukro: https://aukro.cz/vysledky-vyhledavani?text=Harry%20Potter&searchAll=true&categoryId=8466&searchRedirectDisabled=true&subbrand=BAZAAR
2025-07-21 00:56:24,283 | INFO | vinted | Открываем Vinted: https://www.vinted.cz/catalog?search_text=Harry%20Potter&catalog[]=2312&page=1&time=1753048584
2025-07-21 00:56:24,361 | ERROR | asyncio | Future exception was never retrieved
future: <Future finished exception=TargetClosedError('Target page, context or browser has been closed')>
playwright._impl._errors.TargetClosedError: Target page, context or browser has been closed
2025-07-21 00:57:38,547 | INFO | main | ✅ Запуск Telegram-бота...
2025-07-21 00:57:38,547 | INFO | aiogram.dispatcher | Start polling
2025-07-21 00:57:38,551 | INFO | aukro | Открываем Aukro: https://aukro.cz/vysledky-vyhledavani?text=Harry Potter&searchAll=true&categoryId=8466&searchRedirectDisabled=true&subbrand=BAZAAR
2025-07-21 00:57:38,551 | INFO | vinted | Открываем Vinted: https://www.vinted.cz/catalog?search_text=Harry%20Potter&catalog[]=2312&page=1&time=1753048658
2025-07-21 00:57:38,808 | INFO | aiogram.dispatcher | Run polling for bot @parsertestczsites_Bot id=8097790916 - 'ParserCZ'
2025-07-21 00:57:39,624 | INFO | bazos | Открываем Bazos: https://knihy.bazos.cz/inzeraty/Harry%20Potter/
2025-07-21 00:57:40,802 | INFO | bazos | 🔍 По ключу 'Harry Potter' найдено 20 ссылок
2025-07-21 00:57:40,806 | INFO | main | [bazos][Harry Potter] ✅ Отправлено 0 новых ссылок
2025-07-21 00:57:40,806 | INFO | main | [bazos][Harry Potter] ⏳ Следующий запрос через 66 сек.
2025-07-21 00:57:47,633 | INFO | vinted | 🔍 [Vinted] По ключу 'Harry Potter' найдено 156 ссылок
2025-07-21 00:57:52,972 | INFO | main | [sbazar][Harry Potter] ✅ Отправлено 22 новых ссылок
2025-07-21 00:57:52,973 | INFO | main | [sbazar][Harry Potter] ⏳ Следующий запрос через 81 сек.
2025-07-21 00:57:54,930 | INFO | main | [vinted][Harry Potter] ✅ Отправлено 34 новых ссылок
2025-07-21 00:57:54,930 | INFO | main | [vinted][Harry Potter] ⏳ Следующий запрос через 57 сек.
2025-07-21 00:57:56,823 | WARNING | aiogram.dispatcher | Received SIGINT signal
2025-07-21 00:57:56,824 | INFO | aiogram.dispatcher | Polling stopped for bot @parsertestczsites_Bot id=8097790916 - 'ParserCZ'
2025-07-21 00:57:56,824 | INFO | aiogram.dispatcher | Polling stopped
2025-07-21 00:57:56,846 | ERROR | aukro | ❌ Ошибка при обработке Aukro: Page.evaluate: Target page, context or browser has been closed
2025-07-21 00:57:56,876 | ERROR | main | [aukro][Harry Potter] ❌ Ошибка: Browser.close: Connection closed while reading from the driver
2025-07-21 00:57:56,876 | INFO | main | [aukro][Harry Potter] ⏳ Следующий запрос через 75 сек.
2025-07-21 00:57:57,081 | INFO | main | Парсеры были остановленны
